\BOOKMARK [1][-]{section.1}{Project\040description}{}% 1
\BOOKMARK [1][-]{section.2}{Task,\040significance\040and\040process}{}% 2
\BOOKMARK [2][-]{subsection.2.1}{Project\040task}{section.2}% 3
\BOOKMARK [2][-]{subsection.2.2}{Significance}{section.2}% 4
\BOOKMARK [2][-]{subsection.2.3}{Process}{section.2}% 5
\BOOKMARK [1][-]{section.3}{Data\040exploration}{}% 6
\BOOKMARK [2][-]{subsection.3.1}{Feature\040with\040meaning}{section.3}% 7
\BOOKMARK [2][-]{subsection.3.2}{Correlations\040and\040PCA}{section.3}% 8
\BOOKMARK [1][-]{section.4}{Data\040cleaning}{}% 9
\BOOKMARK [1][-]{section.5}{Baseline\040and\040tree-based\040models}{}% 10
\BOOKMARK [2][-]{subsection.5.1}{Methodology}{section.5}% 11
\BOOKMARK [2][-]{subsection.5.2}{Preparation}{section.5}% 12
\BOOKMARK [2][-]{subsection.5.3}{Models}{section.5}% 13
\BOOKMARK [3][-]{subsubsection.5.3.1}{Baseline:\040Logistic\040Regression\040and\040Random\040Forest}{subsection.5.3}% 14
\BOOKMARK [3][-]{subsubsection.5.3.2}{DART\040in\040LightGBM\040and\040GBDT\040in\040XGBoost}{subsection.5.3}% 15
\BOOKMARK [2][-]{subsection.5.4}{Result}{section.5}% 16
\BOOKMARK [3][-]{subsubsection.5.4.1}{Results\040in\040short}{subsection.5.4}% 17
\BOOKMARK [3][-]{subsubsection.5.4.2}{Results\040in\040detail}{subsection.5.4}% 18
\BOOKMARK [1][-]{section.6}{Deep\040learning\040model[3]}{}% 19
\BOOKMARK [2][-]{subsection.6.1}{Toolkit:\040PyTorch}{section.6}% 20
\BOOKMARK [2][-]{subsection.6.2}{Data\040preprocessing}{section.6}% 21
\BOOKMARK [2][-]{subsection.6.3}{Network\040structure}{section.6}% 22
\BOOKMARK [2][-]{subsection.6.4}{Hyperparameter\040tuning}{section.6}% 23
\BOOKMARK [2][-]{subsection.6.5}{Retrain\040&\040Test}{section.6}% 24
\BOOKMARK [2][-]{subsection.6.6}{Explainable\040deep\040learning\040model}{section.6}% 25
\BOOKMARK [2][-]{subsection.6.7}{Summary}{section.6}% 26
\BOOKMARK [1][-]{section.7}{Conclusions}{}% 27
